ttpo100ajiex@TTPO100AJIEX:/mnt/f/programming/IDZ4$ ./runAlternative.sh
++ source_files='srcAlternative/Utilities/threading/threading.cpp srcAlternative/Utilities/io/io.cpp srcAlternative/index.cpp srcAlternative/Library/Library.cpp srcAlternative/Reader/Reader.cpp'
++ exe_file=solutionAlternative.exe
++ rm solutionAlternative.exe
++ g++ srcAlternative/Utilities/threading/threading.cpp srcAlternative/Utilities/io/io.cpp srcAlternative/index.cpp srcAlternative/Library/Library.cpp srcAlternative/Reader/Reader.cpp -lpthread -std=c++20 -fsanitize=address,undefined -fno-sanitize-recover=all -Wall -Werror -Wsign-compare -o solutionAlternative.exe
++ ./solutionAlternative.exe -f data/1/in.in
1.00007s: reader 1 takes book 1
2.00008s: reader 2 takes book 4
2.00017s: reader 2 takes book 2
3.00019s: reader 1 returns book 1
4.00029s: reader 2 returns book 2
5.00013s: reader 3 takes book 4
5.00019s: reader 3 takes book 3
5.00020s: reader 3 takes book 2
6.00028s: reader 2 returns book 4
7.00028s: reader 3 returns book 2
8.00007s: reader 1 takes book 2
8.00012s: reader 1 takes book 1
8.00018s: reader 1 takes book 2
9.00030s: reader 3 returns book 3
10.00033s: reader 1 returns book 2
11.00025s: reader 3 returns book 4
13.00024s: reader 1 returns book 1
14.00025s: reader 1 returns book 2
ttpo100ajiex@TTPO100AJIEX:/mnt/f/programming/IDZ4$ ./runAlternative.sh
++ source_files='srcAlternative/Utilities/threading/threading.cpp srcAlternative/Utilities/io/io.cpp srcAlternative/index.cpp srcAlternative/Library/Library.cpp srcAlternative/Reader/Reader.cpp'
++ exe_file=solutionAlternative.exe
++ rm solutionAlternative.exe
++ g++ srcAlternative/Utilities/threading/threading.cpp srcAlternative/Utilities/io/io.cpp srcAlternative/index.cpp srcAlternative/Library/Library.cpp srcAlternative/Reader/Reader.cpp -lpthread -std=c++20 -fsanitize=address,undefined -fno-sanitize-recover=all -Wall -Werror -Wsign-compare -o solutionAlternative.exe
++ ./solutionAlternative.exe -f data/2/in.in
1.00010s: reader 1 takes book 2
1.00027s: reader 2 takes book 4
1.00035s: reader 2 takes book 2
3.00006s: reader 3 takes book 3
3.00015s: reader 3 takes book 4
3.00042s: reader 2 returns book 2
4.00026s: reader 3 returns book 4
4.00031s: reader 2 returns book 4
5.00008s: reader 1 takes book 4
5.00021s: reader 1 takes book 2
5.00024s: reader 1 takes book 1
5.00030s: reader 3 returns book 3
5.00032s: reader 1 returns book 2
7.00021s: reader 1 returns book 4
7.00028s: reader 1 returns book 2
7.00030s: reader 1 returns book 1
ttpo100ajiex@TTPO100AJIEX:/mnt/f/programming/IDZ4$ ./runAlternative.sh
++ source_files='srcAlternative/Utilities/threading/threading.cpp srcAlternative/Utilities/io/io.cpp srcAlternative/index.cpp srcAlternative/Library/Library.cpp srcAlternative/Reader/Reader.cpp'
++ exe_file=solutionAlternative.exe
++ rm solutionAlternative.exe
++ g++ srcAlternative/Utilities/threading/threading.cpp srcAlternative/Utilities/io/io.cpp srcAlternative/index.cpp srcAlternative/Library/Library.cpp srcAlternative/Reader/Reader.cpp -lpthread -std=c++20 -fsanitize=address,undefined -fno-sanitize-recover=all -Wall -Werror -Wsign-compare -o solutionAlternative.exe
++ ./solutionAlternative.exe -f data/3/in.in
1.00009s: reader 1 takes book 4
1.00034s: reader 1 takes book 3
1.00040s: reader 1 takes book 2
2.00015s: reader 2 requests book 3
2.00023s: reader 2 takes book 2
2.00029s: reader 2 takes book 1
3.00009s: reader 3 takes book 4
3.00022s: reader 3 requests book 2
3.00028s: reader 3 requests book 1
4.00015s: reader 4 requests book 4
4.00021s: reader 4 requests book 3
4.00022s: reader 4 requests book 1
5.00067s: reader 1 returns book 2
5.00082s: reader 3 takes book 2
6.00057s: reader 1 returns book 3
6.00062s: reader 4 takes book 3
6.00065s: reader 2 requests book 3
7.00025s: reader 1 returns book 4
7.00031s: reader 4 takes book 4
8.00042s: reader 2 returns book 1
8.00049s: reader 3 takes book 1
8.00051s: reader 4 requests book 1
9.00040s: reader 2 returns book 2
13.00021s: reader 3 returns book 4
14.00095s: reader 3 returns book 2
16.00059s: reader 3 returns book 1
16.00071s: reader 4 takes book 1
17.00078s: reader 4 returns book 3
17.00084s: reader 2 takes book 3
19.00042s: reader 4 returns book 4
25.00089s: reader 2 returns book 3
26.00077s: reader 4 returns book 1
ttpo100ajiex@TTPO100AJIEX:/mnt/f/programming/IDZ4$ ./runAlternative.sh
++ source_files='srcAlternative/Utilities/threading/threading.cpp srcAlternative/Utilities/io/io.cpp srcAlternative/index.cpp srcAlternative/Library/Library.cpp srcAlternative/Reader/Reader.cpp'
++ exe_file=solutionAlternative.exe
++ rm solutionAlternative.exe
++ g++ srcAlternative/Utilities/threading/threading.cpp srcAlternative/Utilities/io/io.cpp srcAlternative/index.cpp srcAlternative/Library/Library.cpp srcAlternative/Reader/Reader.cpp -lpthread -std=c++20 -fsanitize=address,undefined -fno-sanitize-recover=all -Wall -Werror -Wsign-compare -o solutionAlternative.exe
++ ./solutionAlternative.exe -f data/4/in.in
1.00008s: reader 4 takes book 4
1.00025s: reader 3 takes book 3
1.00026s: reader 1 takes book 1
1.00027s: reader 2 takes book 2
2.00018s: reader 4 requests book 3
2.00025s: reader 4 requests book 1
2.00027s: reader 2 takes book 4
2.00031s: reader 2 requests book 1
2.00034s: reader 3 requests book 4
2.00035s: reader 3 takes book 2
2.00038s: reader 1 requests book 3
2.00039s: reader 1 requests book 2
3.00019s: reader 4 requests book 4
3.00024s: reader 4 requests book 2
3.00026s: reader 4 requests book 1
3.00027s: reader 1 requests book 4
3.00028s: reader 1 requests book 2
3.00029s: reader 1 requests book 1
3.00030s: reader 2 requests book 4
3.00032s: reader 2 requests book 3
3.00033s: reader 2 requests book 2
3.00035s: reader 3 requests book 4
3.00038s: reader 3 requests book 2
3.00040s: reader 3 requests book 1
3.00046s: reader 2 returns book 4
3.00049s: reader 2 returns book 2
3.00051s: reader 2 takes book 4
3.00052s: reader 4 requests book 4
3.00052s: reader 2 takes book 2
3.00053s: reader 4 requests book 2
3.00053s: reader 1 requests book 4
3.00060s: reader 1 requests book 2
3.00063s: reader 3 requests book 4
3.00066s: reader 3 requests book 2
4.00036s: reader 1 returns book 1
4.00044s: reader 1 takes book 1
4.00046s: reader 4 requests book 1
4.00048s: reader 2 requests book 1
4.00052s: reader 3 requests book 1
5.00024s: reader 4 returns book 4
5.00030s: reader 4 takes book 4
5.00033s: reader 1 requests book 4
5.00035s: reader 3 requests book 4
6.00039s: reader 3 returns book 3
6.00046s: reader 4 takes book 3
6.00049s: reader 1 requests book 3
6.00050s: reader 2 requests book 3
7.00053s: reader 1 returns book 1
7.00059s: reader 2 takes book 1
7.00064s: reader 2 returns book 2
7.00070s: reader 4 requests book 1
7.00073s: reader 3 requests book 1
7.00075s: reader 3 takes book 2
7.00078s: reader 4 requests book 2
7.00080s: reader 1 requests book 2
8.00040s: reader 4 returns book 4
8.00046s: reader 1 takes book 4
8.00053s: reader 3 requests book 4
9.00044s: reader 3 returns book 2
9.00051s: reader 4 takes book 2
9.00056s: reader 1 requests book 2
9.00076s: reader 2 returns book 1
9.00081s: reader 4 takes book 1
9.00089s: reader 3 requests book 1
9.00092s: reader 3 returns book 2
9.00098s: reader 1 takes book 2
10.00064s: reader 4 returns book 2
11.00064s: reader 2 returns book 4
11.00078s: reader 3 takes book 4
15.00055s: reader 4 returns book 3
15.00061s: reader 2 takes book 3
15.00064s: reader 1 requests book 3
15.00107s: reader 1 returns book 2
16.00070s: reader 2 returns book 3
16.00085s: reader 1 takes book 3
16.00092s: reader 4 returns book 1
16.00102s: reader 3 takes book 1
17.00052s: reader 1 returns book 4
19.00092s: reader 1 returns book 3
21.00083s: reader 3 returns book 4
21.00103s: reader 3 returns book 1
ttpo100ajiex@TTPO100AJIEX:/mnt/f/programming/IDZ4$ ./runAlternative.sh
++ source_files='srcAlternative/Utilities/threading/threading.cpp srcAlternative/Utilities/io/io.cpp srcAlternative/index.cpp srcAlternative/Library/Library.cpp srcAlternative/Reader/Reader.cpp'
++ exe_file=solutionAlternative.exe
++ rm solutionAlternative.exe
++ g++ srcAlternative/Utilities/threading/threading.cpp srcAlternative/Utilities/io/io.cpp srcAlternative/index.cpp srcAlternative/Library/Library.cpp srcAlternative/Reader/Reader.cpp -lpthread -std=c++20 -fsanitize=address,undefined -fno-sanitize-recover=all -Wall -Werror -Wsign-compare -o solutionAlternative.exe
++ ./solutionAlternative.exe -r
2.68493s: reader 471125448 takes book 266380274
2.69345s: reader 471125448 takes book 995753540
2.69754s: reader 471125448 takes book 846301650
2.70009s: reader 44942633 takes book 585199520
2.70202s: reader 44942633 takes book 656502216
2.71163s: reader 655391208 takes book 526842957
2.72546s: reader 655391208 takes book 935673016
2.72800s: reader 655391208 takes book 832096451
2.73089s: reader 413908867 takes book 971956370
2.73446s: reader 800672954 takes book 57964632
2.73604s: reader 800672954 takes book 343108166
2.73670s: reader 800672954 takes book 669022023
2.73729s: reader 479371195 takes book 657281650
2.73790s: reader 479371195 takes book 18977502
2.73826s: reader 479371195 takes book 38270960
2.73965s: reader 147037335 takes book 35767922
2.74306s: reader 356321046 takes book 906621513
2.74458s: reader 356321046 takes book 729693184
2.74830s: reader 226620002 takes book 173459912
2.75085s: reader 226620002 takes book 560896082
2.75279s: reader 226620002 takes book 157168836
2.75516s: reader 698398104 takes book 783648523
2.75725s: reader 442088457 takes book 967462633
2.76030s: reader 667660552 takes book 817124957
2.76528s: reader 736333948 takes book 64132459
2.76859s: reader 458412114 takes book 413058013
2.78513s: reader 458412114 takes book 825714823
2.78966s: reader 76662980 takes book 263631326
2.79131s: reader 76662980 takes book 930227974
2.79312s: reader 76662980 takes book 83171854
2.79509s: reader 331987704 takes book 861043004
2.79680s: reader 331987704 takes book 559529304
2.80128s: reader 331987704 takes book 832031074
2.80394s: reader 352381999 takes book 707414131
2.80553s: reader 352381999 takes book 254691280
2.80698s: reader 352381999 takes book 394338008
2.80919s: reader 6320744 takes book 116323816
2.81120s: reader 51196780 takes book 719418134
2.81264s: reader 51196780 takes book 105602957
2.81393s: reader 51196780 takes book 557133631
2.81579s: reader 695359232 takes book 518090566
2.81846s: reader 695359232 takes book 104563013
2.82043s: reader 695359232 takes book 855524687
2.82610s: reader 735545183 takes book 918833741
2.84299s: reader 735545183 takes book 460356899
2.85998s: reader 570536123 takes book 598280411
2.87495s: reader 570536123 takes book 450374119
2.89201s: reader 570536123 takes book 226059290
2.92539s: reader 397451477 takes book 969685871
2.92639s: reader 397451477 takes book 855405650
2.92722s: reader 763783813 takes book 381975000
2.92787s: reader 763783813 takes book 894697815
2.92876s: reader 553150011 takes book 424549572
2.92932s: reader 397405907 takes book 672557753
2.92961s: reader 385469301 takes book 271757050
2.92979s: reader 385469301 takes book 179646332
2.93016s: reader 385469301 takes book 86735917
2.93050s: reader 30440723 takes book 369882695
2.93077s: reader 30440723 takes book 183059375
2.93109s: reader 14278559 takes book 863693088
2.93135s: reader 14278559 takes book 487012649
2.93168s: reader 32086822 takes book 683367334
2.93197s: reader 32086822 takes book 517147825
2.93234s: reader 939573379 takes book 465599224
2.93268s: reader 939573379 takes book 193076298
2.93294s: reader 939573379 takes book 271847545
2.93331s: reader 896365725 takes book 253788792
2.93355s: reader 896365725 takes book 300493055
2.93388s: reader 896365725 takes book 831536365
2.93428s: reader 24442824 takes book 961301053
2.93463s: reader 24442824 takes book 532593332
2.93701s: reader 274443638 takes book 354402405
2.93813s: reader 274443638 takes book 663963476
2.93902s: reader 863294503 takes book 142631024
2.93966s: reader 863294503 takes book 400905469
2.94013s: reader 863294503 takes book 572648981
2.94359s: reader 883936373 takes book 56235191
2.94463s: reader 601788213 takes book 542110067
2.94525s: reader 567825391 takes book 760199834
2.94609s: reader 518051835 takes book 906889720
2.94693s: reader 518051835 takes book 585930550
2.94764s: reader 319840887 takes book 132612628
2.94812s: reader 556263754 takes book 887602483
2.94867s: reader 226880507 takes book 974585045
2.94903s: reader 226880507 takes book 838353073
2.94952s: reader 902429820 takes book 627771630
2.95026s: reader 902429820 takes book 534622261
2.95088s: reader 21119676 takes book 549025770
2.95129s: reader 21119676 takes book 384546115
2.95166s: reader 21119676 takes book 130473197
2.95208s: reader 593626614 takes book 416650647
2.95253s: reader 33520159 takes book 755868516
2.95287s: reader 33520159 takes book 423567490
2.95326s: reader 33520159 takes book 981709559
2.95359s: reader 198032342 takes book 354566607
2.95684s: reader 335789378 takes book 918469979
2.97188s: reader 335789378 takes book 445245662
2.98543s: reader 335789378 takes book 474418294
3.00137s: reader 413434150 takes book 249612595
3.07625s: reader 413434150 takes book 808704595
3.09229s: reader 413434150 takes book 486012108
3.11334s: reader 957957224 takes book 829814674
3.13098s: reader 473396925 takes book 172302350
3.15316s: reader 473396925 takes book 47577695
3.20634s: reader 92149537 takes book 634777884
3.22340s: reader 92149537 takes book 419207525
3.24138s: reader 92149537 takes book 531058139
3.25803s: reader 551356234 takes book 513980660
3.27305s: reader 551356234 takes book 600394997
3.30142s: reader 493114939 takes book 778237345
3.32176s: reader 821774134 takes book 806227115
3.34308s: reader 821774134 takes book 252013033
3.36887s: reader 821774134 takes book 650959011
3.39547s: reader 878552554 takes book 311583229
3.41798s: reader 878552554 takes book 368485656
3.43948s: reader 922232841 takes book 513008627
3.48828s: reader 922232841 takes book 484775780
3.50902s: reader 922232841 takes book 305318546
3.52796s: reader 641550343 takes book 579344528
3.54559s: reader 641550343 takes book 928696938
3.56630s: reader 641550343 takes book 658511579
3.58781s: reader 59654772 takes book 485698802
3.61502s: reader 59654772 takes book 733732951
3.63359s: reader 59654772 takes book 787728465
3.65790s: reader 581982141 takes book 458558111
3.68121s: reader 581982141 takes book 651387858
3.74786s: reader 581982141 takes book 568209389
3.76844s: reader 105614392 takes book 786533426
3.81814s: reader 646130135 takes book 829121839
3.83727s: reader 646130135 takes book 142975206
3.85805s: reader 646130135 takes book 933902536
3.88012s: reader 797603270 takes book 407792480
3.90402s: reader 239758872 takes book 834753057
3.96063s: reader 239758872 takes book 769415140
4.02490s: reader 34972798 takes book 985399106
4.04985s: reader 219899450 takes book 67824076
4.06973s: reader 219899450 takes book 131113
4.09139s: reader 219899450 takes book 656764251
4.11783s: reader 397100364 takes book 603196485
4.14542s: reader 397100364 takes book 588750089
4.16935s: reader 34570892 takes book 848159460
4.19441s: reader 34570892 takes book 922868453
4.25727s: reader 34570892 takes book 493827124
4.28518s: reader 446624567 takes book 202580325
4.30486s: reader 446624567 takes book 25875934
4.32681s: reader 446624567 takes book 325578445
4.35212s: reader 757245932 takes book 984758432
4.37429s: reader 757245932 takes book 13905412
4.49082s: reader 757245932 takes book 47883275
4.51783s: reader 422242309 takes book 208802025
4.54752s: reader 422242309 takes book 322907072
4.57592s: reader 422242309 takes book 927487604
4.73000s: reader 562331873 takes book 62279876
4.75840s: reader 100391688 takes book 175197982
4.78691s: reader 653885968 takes book 614934609
4.81172s: reader 653885968 takes book 753976265
4.84375s: reader 424411984 takes book 35213734
4.87396s: reader 429804068 takes book 250746627
4.90708s: reader 967232136 takes book 273300948
5.06121s: reader 967232136 takes book 688230788
5.09608s: reader 967232136 takes book 218121435
5.12806s: reader 188016396 takes book 317460974
5.15618s: reader 188016396 takes book 705451460
5.27901s: reader 278965806 takes book 870017378
5.31905s: reader 278965806 takes book 326888328
5.34763s: reader 278965806 takes book 706548086
5.38690s: reader 406273898 takes book 683496807
5.41896s: reader 188469904 takes book 291960034
5.44623s: reader 188469904 takes book 894562407
5.51402s: reader 188469904 takes book 8551587
5.55152s: reader 947436493 takes book 763221182
5.60824s: reader 947436493 takes book 91762718
5.73774s: reader 547971005 takes book 179865511
5.76776s: reader 547971005 takes book 980930087
5.80245s: reader 214169793 takes book 83570195
5.84242s: reader 52332586 takes book 997139535
5.87168s: reader 52332586 takes book 441021433
5.90435s: reader 246011178 takes book 478680529
5.93461s: reader 246011178 takes book 135892362
6.04778s: reader 246011178 takes book 24803327
6.08678s: reader 679786864 takes book 381368564
6.13904s: reader 679786864 takes book 435943473
6.18504s: reader 824223455 takes book 365730993
6.24220s: reader 145865624 takes book 826662093
6.28733s: reader 819467824 takes book 504381120
6.33794s: reader 819467824 takes book 129613502
6.57515s: reader 750948569 takes book 772706355
6.60931s: reader 750948569 takes book 952960159
6.64682s: reader 750948569 takes book 822437460
6.68876s: reader 451935590 takes book 612818158
6.72917s: reader 451935590 takes book 947636955
6.76591s: reader 451935590 takes book 295213342
6.81244s: reader 877968 takes book 302307818
6.84831s: reader 155457389 takes book 450523297
6.88894s: reader 155457389 takes book 37781883
6.93459s: reader 928071942 takes book 817349752
6.97772s: reader 928071942 takes book 503715510
7.05737s: reader 928071942 takes book 768402691
7.10442s: reader 543187772 takes book 659411008
7.16073s: reader 543187772 takes book 385547731
7.22083s: reader 543187772 takes book 666018169
7.26511s: reader 513919422 takes book 355945952
7.31921s: reader 513919422 takes book 477231026
7.37806s: reader 947436493 takes book 634497826
7.41921s: reader 947436493 takes book 509454583
7.47771s: reader 947436493 takes book 641887208
7.52595s: reader 42191517 takes book 960980433
7.57721s: reader 42191517 takes book 900209622
7.62832s: reader 42191517 takes book 205278976
7.68172s: reader 221850958 takes book 246123371
7.75716s: reader 221850958 takes book 958542287
7.80235s: reader 221850958 takes book 851956770
7.86219s: reader 507625694 takes book 504427697
7.94714s: reader 507625694 takes book 320982503
8.01921s: reader 455904221 takes book 922073786
8.06643s: reader 455904221 takes book 974570754
8.12617s: reader 455904221 takes book 860636715
8.17382s: reader 904019884 takes book 384017990
8.25042s: reader 904019884 takes book 619633785
8.30116s: reader 216765054 takes book 202512948
8.36275s: reader 216765054 takes book 792545876
8.41598s: reader 93205489 takes book 650644449
8.47314s: reader 93205489 takes book 884310088
8.55861s: reader 378413293 takes book 692488423
8.61309s: reader 379474459 takes book 514955233
8.67259s: reader 379474459 takes book 754611951
8.80663s: reader 379474459 takes book 236550567
8.85971s: reader 478583609 takes book 43649339
9.34955s: reader 478583609 takes book 742762761
10.08506s: reader 317846678 takes book 183440812
10.09615s: reader 824223455 takes book 752307779
10.11714s: reader 824223455 takes book 519961405
10.12611s: reader 501310368 takes book 700585064
10.13485s: reader 501310368 takes book 867059416
10.14308s: reader 501310368 takes book 826923287
10.15374s: reader 825127657 takes book 106849092
10.21875s: reader 825127657 takes book 848904186
10.27704s: reader 825127657 takes book 524876139
10.34492s: reader 796044891 takes book 188909078
10.41643s: reader 796044891 takes book 635403366
10.50877s: reader 275342166 takes book 843286042
10.57508s: reader 275342166 takes book 766337148
10.63811s: reader 275342166 takes book 745271525
10.72100s: reader 872143315 takes book 895107173
10.78861s: reader 588863890 takes book 428825173
10.85367s: reader 588863890 takes book 154591884
10.93822s: reader 588863890 takes book 763568997
11.00745s: reader 815129547 takes book 333850144
11.13264s: reader 46832730 takes book 386611725
11.16410s: reader 46832730 takes book 554789622
11.23578s: reader 46832730 takes book 188499661
11.30989s: reader 832811896 takes book 399327974
11.38968s: reader 832811896 takes book 449033080
11.47745s: reader 173466455 takes book 822737357
11.57099s: reader 173466455 takes book 241935900
11.64377s: reader 173466455 takes book 518993341
11.73311s: reader 804841939 takes book 389161117
11.82786s: reader 804841939 takes book 743650207
11.90558s: reader 804841939 takes book 641228207
11.98401s: reader 727494485 takes book 937162521
12.06478s: reader 38783908 takes book 122710524
12.14702s: reader 38783908 takes book 628166411
12.23788s: reader 38783908 takes book 191547023
12.32102s: reader 730009040 takes book 740635665
12.39775s: reader 730009040 takes book 833783800
12.49046s: reader 215404962 takes book 541957052
12.56907s: reader 215404962 takes book 51495082
12.65484s: reader 789550556 takes book 229542900
12.73612s: reader 789550556 takes book 510099995
12.82310s: reader 789550556 takes book 785877116
12.90938s: reader 348066551 takes book 298774717
12.99130s: reader 371313149 takes book 470801920
13.07537s: reader 371313149 takes book 747793170
13.16083s: reader 562752909 takes book 702836391
13.25669s: reader 102641236 takes book 610388962
13.35185s: reader 374265111 takes book 589967723
13.44308s: reader 374265111 takes book 633023480
13.53032s: reader 490102587 takes book 25232116
13.62395s: reader 441797230 takes book 762304536
13.69669s: reader 441797230 takes book 232437427
13.79177s: reader 129919392 takes book 213476451
13.90978s: reader 129919392 takes book 777463258
14.00454s: reader 966140294 takes book 445160928
14.09324s: reader 966140294 takes book 686401405
14.17955s: reader 550874069 takes book 175842425
14.26545s: reader 179544485 takes book 36595891
14.35775s: reader 72963463 takes book 716883904
14.44000s: reader 72963463 takes book 542327349
14.52652s: reader 111191913 takes book 29114843
14.59760s: reader 111191913 takes book 265227594
14.68732s: reader 406164225 takes book 669902456
14.76980s: reader 406164225 takes book 866876998
14.86095s: reader 51077026 takes book 419202947
14.95052s: reader 51077026 takes book 280089063
15.03861s: reader 51077026 takes book 209211643
15.12271s: reader 575207387 takes book 223164211
15.20910s: reader 320447488 takes book 969042126
15.28369s: reader 320447488 takes book 469882752
15.36537s: reader 851803643 takes book 65646761
15.44670s: reader 851803643 takes book 808724948
15.54604s: reader 843611404 takes book 326038043
15.64030s: reader 843611404 takes book 851603042
15.72021s: reader 843611404 takes book 916183799
15.80311s: reader 390526237 takes book 723486332
15.88125s: reader 390526237 takes book 6847763
15.95546s: reader 390526237 takes book 894129862
16.03379s: reader 624964451 takes book 682528217
16.12272s: reader 624964451 takes book 702360257
16.20698s: reader 399592569 takes book 437213317
16.28467s: reader 399592569 takes book 551913554
16.37134s: reader 123378401 takes book 481520607
16.46016s: reader 37562294 takes book 647543450
16.54853s: reader 357882109 takes book 886616343
16.62355s: reader 357882109 takes book 587986842
16.70204s: reader 357882109 takes book 315675530
16.80280s: reader 514735778 takes book 140403282
16.89237s: reader 514735778 takes book 210972656
16.97256s: reader 514735778 takes book 385145281
17.05142s: reader 287430691 takes book 934334957
17.14568s: reader 287430691 takes book 918470360
17.23239s: reader 287430691 takes book 329100080
17.31802s: reader 300819130 takes book 25476382
17.41729s: reader 431030499 takes book 15677449
17.49825s: reader 431030499 takes book 9729335
17.57570s: reader 431030499 takes book 400992525
17.66426s: reader 31557623 takes book 605325338
17.77156s: reader 31557623 takes book 542044204
17.85850s: reader 748946146 takes book 1251179
17.94320s: reader 325814455 takes book 931564123
18.03002s: reader 974988819 takes book 822283245
18.12272s: reader 68184416 takes book 388160644
18.20661s: reader 68184416 takes book 456368564
18.29301s: reader 526091529 takes book 377034473
18.42378s: reader 526091529 takes book 268220123
18.51104s: reader 518272616 takes book 77772985
18.61297s: reader 588812490 takes book 585345367
18.70159s: reader 588812490 takes book 888159099
18.78966s: reader 588812490 takes book 271297790
18.87945s: reader 372410489 takes book 59794035
18.96212s: reader 372410489 takes book 943061437
19.04578s: reader 149728785 takes book 849184243
19.13018s: reader 302307918 takes book 425223111
19.37553s: reader 152480436 takes book 260249121
19.46134s: reader 152480436 takes book 616218065
19.54094s: reader 152480436 takes book 996544864
19.62865s: reader 665306069 takes book 757753638
19.71657s: reader 665306069 takes book 874306581
19.81443s: reader 665306069 takes book 89578199
19.90569s: reader 737771080 takes book 728785090
19.98128s: reader 737771080 takes book 32089316
20.07837s: reader 154474226 takes book 173517036
20.16821s: reader 570285663 takes book 775581794
20.25366s: reader 377718026 takes book 689310710
20.33440s: reader 377718026 takes book 211802258
20.41974s: reader 377718026 takes book 945451265
20.50534s: reader 877655827 takes book 734161480
20.58623s: reader 877655827 takes book 425982996
20.66600s: reader 877655827 takes book 37107034
20.75320s: reader 959613787 takes book 279560062
20.84516s: reader 808276691 takes book 829492808
20.98670s: reader 808276691 takes book 809546892
21.08062s: reader 808276691 takes book 607044523
21.16641s: reader 223368391 takes book 893278265
21.25693s: reader 731726041 takes book 591225557
21.34420s: reader 731726041 takes book 946420993
21.42325s: reader 849490109 takes book 569282306
21.50117s: reader 849490109 takes book 548448787
21.59052s: reader 849490109 takes book 782896163
21.67950s: reader 467878791 takes book 506534494
21.78676s: reader 475097150 takes book 406036878
21.86490s: reader 475097150 takes book 196700451
21.95101s: reader 475097150 takes book 420002563
22.03368s: reader 554249285 takes book 357798460
22.10570s: reader 554249285 takes book 387678801
22.21032s: reader 554249285 takes book 325483286
22.30420s: reader 3911703 takes book 726937896
22.39043s: reader 3911703 takes book 753113937
22.47589s: reader 244151621 takes book 447560395
22.55423s: reader 244151621 takes book 195658410
22.63700s: reader 244151621 takes book 437326504
22.74079s: reader 827679155 takes book 114315931
22.82258s: reader 827679155 takes book 145444895
22.93170s: reader 904314953 takes book 862027862
23.01443s: reader 904314953 takes book 202374298
23.09339s: reader 196303938 takes book 678515547
23.20975s: reader 196303938 takes book 146368203
23.29763s: reader 196303938 takes book 988912175
23.38471s: reader 819258790 takes book 724738089
23.50890s: reader 819258790 takes book 680049732
23.59440s: reader 819258790 takes book 28284665
23.67800s: reader 778050019 takes book 623863579
23.78916s: reader 778050019 takes book 665735400
23.87184s: reader 778050019 takes book 543056479
23.96160s: reader 675831596 takes book 587111000
24.04884s: reader 407471163 takes book 958335277
24.13266s: reader 941313857 takes book 171336781
24.22605s: reader 941313857 takes book 127025246
24.32079s: reader 941313857 takes book 831901690
24.41701s: reader 417240073 takes book 952711531
24.50234s: reader 417240073 takes book 456706139
24.58017s: reader 417240073 takes book 688240594
24.66876s: reader 214914314 takes book 228073874
24.77704s: reader 214914314 takes book 920764302
24.86627s: reader 371068657 takes book 786928931
24.95589s: reader 371068657 takes book 615960954
25.03892s: reader 371068657 takes book 393388545
25.13509s: reader 125870058 takes book 451752518
25.22337s: reader 125870058 takes book 608361297
25.31368s: reader 508671707 takes book 120012579
25.40056s: reader 508671707 takes book 374316876
25.49244s: reader 508671707 takes book 300205264
25.58110s: reader 674400877 takes book 324438319
25.67277s: reader 215833956 takes book 874988926
25.75333s: reader 215833956 takes book 951320806
25.87091s: reader 215833956 takes book 141709158
25.97772s: reader 520786614 takes book 257871412
26.07225s: reader 520786614 takes book 621137175
26.15508s: reader 520786614 takes book 50310208
26.26248s: reader 234917042 takes book 318931636
26.35403s: reader 770561505 takes book 954971426
26.44267s: reader 770561505 takes book 810112743
26.54404s: reader 296532812 takes book 255402484
26.66224s: reader 683426175 takes book 636203903
26.75583s: reader 683426175 takes book 759192224
26.85136s: reader 361426461 takes book 694976399
26.99337s: reader 361426461 takes book 124817989
27.07919s: reader 361426461 takes book 569873382
27.18436s: reader 592061935 takes book 465364808
27.27494s: reader 592061935 takes book 456518966
27.36507s: reader 592061935 takes book 615331625
27.47699s: reader 640019861 takes book 330082440
27.57280s: reader 640019861 takes book 847774646
27.66925s: reader 627325894 takes book 416826580
27.76952s: reader 550231500 takes book 290294275
27.87157s: reader 550231500 takes book 414500503
27.97287s: reader 588718749 takes book 358782692
28.07174s: reader 133764478 takes book 696390546
28.61160s: reader 17193886 takes book 333401164
28.70439s: reader 17193886 takes book 158407675
28.79639s: reader 521233559 takes book 390431324
28.91905s: reader 287874806 takes book 576278860
29.01431s: reader 650035529 takes book 956491439
29.11808s: reader 650035529 takes book 125392336
29.22672s: reader 996056134 takes book 518884811
29.32937s: reader 996056134 takes book 683886988
29.42389s: reader 43870231 takes book 204733585
29.52066s: reader 537810493 takes book 586852932
29.61314s: reader 537810493 takes book 636812272
29.82685s: reader 537810493 takes book 144310874
29.92187s: reader 923010689 takes book 183308698
30.02622s: reader 923010689 takes book 28361797
30.13678s: reader 300550860 takes book 325176593
30.23651s: reader 300550860 takes book 89973050
30.32825s: reader 300550860 takes book 920546014
30.43550s: reader 215231768 takes book 334706728
30.53347s: reader 334707684 takes book 529654078
30.62174s: reader 334707684 takes book 332518515
30.71179s: reader 334707684 takes book 740347201
30.80576s: reader 379208569 takes book 897700963
30.89237s: reader 379208569 takes book 436160302
30.98113s: reader 379208569 takes book 241468124
31.07447s: reader 887427758 takes book 667671042
31.16174s: reader 887427758 takes book 134913814
31.24841s: reader 887427758 takes book 14084950
31.34644s: reader 541273198 takes book 712728633
31.43514s: reader 541273198 takes book 41805716
31.53656s: reader 541273198 takes book 716746433
31.64315s: reader 291919024 takes book 706183722
31.76171s: reader 291919024 takes book 458347493
31.85074s: reader 291919024 takes book 914781926
31.94894s: reader 596156999 takes book 258443696
32.05246s: reader 596156999 takes book 907918782
32.15142s: reader 735921907 takes book 425850377
32.25415s: reader 735921907 takes book 650719146
32.34361s: reader 735921907 takes book 361947348
32.43667s: reader 240682593 takes book 846052973
32.53866s: reader 804852785 takes book 341329189
32.64609s: reader 804852785 takes book 737483159
32.73368s: reader 804852785 takes book 347483406
32.83809s: reader 440154433 takes book 753758821
32.94475s: reader 440154433 takes book 491494858
33.03803s: reader 33450417 takes book 497476757
33.12187s: reader 33450417 takes book 469611912
33.21503s: reader 33450417 takes book 35635674
33.30775s: reader 649986796 takes book 330598715
33.39595s: reader 649986796 takes book 820885660
33.49446s: reader 228689618 takes book 207424825
33.59019s: reader 228689618 takes book 660573294
33.70991s: reader 944799957 takes book 498276455
33.80946s: reader 944799957 takes book 831251337
33.91172s: reader 329290067 takes book 404349402
34.10205s: reader 448502766 takes book 549069723
34.19846s: reader 448502766 takes book 570482011
34.30020s: reader 200576808 takes book 676786006
34.39211s: reader 200576808 takes book 356338868
34.47849s: reader 200576808 takes book 273382949
34.58119s: reader 908101388 takes book 486408860
34.69167s: reader 908101388 takes book 347674071
34.78375s: reader 908101388 takes book 576531026
34.88224s: reader 128870693 takes book 806536495
34.98027s: reader 766923237 takes book 733475611
35.03778s: reader 647299548 takes book 23407706